XSuperSMS_MySQL/proguard-project.txt
# To enable ProGuard in your project, edit project.properties
# to define the proguard.config property as described in that file.
#
# Add project specific ProGuard rules here.
# By default, the flags in this file are appended to flags specified
# in ${sdk.dir}/tools/proguard/proguard-android.txt
# You can edit the include path and order by changing the ProGuard
# include property in project.properties.
#
# For more details, see
#   http://developer.android.com/guide/developing/tools/proguard.html

# Add any project specific keep options here:

# If your project uses WebView with JS, uncomment the following
# and specify the fully qualified class name to the JavaScript interface
# class:
#-keepclassmembers class fqcn.of.javascript.interface.for.webview {
#   public *;
#}

-optimizationpasses 5  # 指定代码的压缩级别
-dontusemixedcaseclassnames  # 是否使用大小写混合
-dontskipnonpubliclibraryclasses  # 是否混淆第三方jar
-dontpreverify  # 混淆时是否做预校验
-verbose  # 混淆时是否记录日志
-optimizations !code/simplification/arithmetic,!field/*,!class/merging/*  # 混淆时所采用的算法

-keepattributes *Annotation*  
-keepattributes Signature	

-renamesourcefileattribute SourceFile # 保持崩溃日志中at路径不被混淆
-keepattributes SourceFile,LineNumberTable # 保持崩溃日志中行号不被混淆

-libraryjars libs/armeabi/libbarcodereader44.so
-libraryjars libs/armeabi/libIAL.so
-libraryjars libs/armeabi/libSDL.so
-libraryjars libs/armeabi/libpackage.so
-libraryjars libs/armeabi/libuhfrfid.so

-libraryjars libs/achartengine-1.1.0.jar
-dontwarn org.achartengine.**
-keep class org.achartengine.** { *; }

-libraryjars libs/android_extension.jar
-dontwarn android.device.**
-keep class android.device.** { *; }
-dontwarn com.android.server.**
-keep class com.android.server.** { *; }

-libraryjars libs/gson-2.2.4.jar
-dontwarn com.google.gson.**
-keep class com.google.gson.** { *; }

-keep public class * extends android.app.Fragment  # 保持哪些类不被混淆
-keep public class * extends android.app.Activity	
-keep public class * extends android.app.Application	
-keep public class * extends android.app.Service	
-keep public class * extends android.content.BroadcastReceiver
-keep public class * extends android.content.ContentProvider
-keep public class * extends android.app.backup.BackupAgentHelper
-keep public class * extends android.preference.Preference
-keep public class * extends android.support.v4.**
-keep public class com.android.vending.licensing.ILicensingService

-keep public class * extends com.xuesi.mos.app.**
-keep class com.xuesi.sms.app.** { *; }
-keep class com.xuesi.sms.bean.** { *; }
-keep class com.xuesi.sms.chart.** { *; }
-keep class com.xuesi.sms.widget.** { *; }

-dontwarn com.motorolasolutions.adc.decoder.**
-keep class com.motorolasolutions.adc.decoder.** { *; }

-dontwarn com.xuesi.mos.**
-keep class com.xuesi.mos.** { *; }

-keepclasseswithmembernames class * {  # 保持 native 方法不被混淆 
    native <methods>;  
}  
  
-keepclasseswithmembernames class * {  # 保持自定义控件类不被混淆 
    public <init>(android.content.Context, android.util.AttributeSet);  
}  
  
-keepclasseswithmembernames class * {  # 保持自定义控件类不被混淆
    public <init>(android.content.Context, android.util.AttributeSet, int);  
}  

-keepclassmembers class * extends android.app.Activity { # 保持自定义控件类不被混淆  
   public void *(android.view.View);
}

-keepclassmembers enum * {  # 保持枚举 enum 类不被混淆
    public static **[] values();  
    public static ** valueOf(java.lang.String);  
}  
  
-keep class * implements android.os.Parcelable {  # 保持 Parcelable 不被混淆
  public static final android.os.Parcelable$Creator *;  
}  