XSuperSMS_MySQL/proguard/seeds.txt
com.xuesi.sms.R$anim: int anim_listview_item
com.xuesi.sms.R$anim: int anim_stay
com.xuesi.sms.R$anim: int anim_top_in
com.xuesi.sms.R$anim: int anim_top_out
com.xuesi.sms.R$anim: int delete_btn_hide
com.xuesi.sms.R$anim: int delete_btn_show
com.xuesi.sms.R$anim: int detault_admin_in
com.xuesi.sms.R$anim: int detault_admin_out
com.xuesi.sms.R$anim: int loading_animation
com.xuesi.sms.R$anim: int push_out
com.xuesi.sms.R$anim: int push_top_in2
com.xuesi.sms.R$anim: int push_top_out2
com.xuesi.sms.R$anim: int slide_in_from_bottom
com.xuesi.sms.R$anim: int slide_in_from_top
com.xuesi.sms.R$anim: int slide_out_to_bottom
com.xuesi.sms.R$anim: int slide_out_to_top
com.xuesi.sms.R$array: int arrayAntiQ
com.xuesi.sms.R$array: int bills_fields
com.xuesi.sms.R$array: int configure_
com.xuesi.sms.R$array: int sheetType
com.xuesi.sms.R$array: int sheetrust
com.xuesi.sms.R$attr: int click_remove_id
com.xuesi.sms.R$attr: int collapsed_height
com.xuesi.sms.R$attr: int drag_enabled
com.xuesi.sms.R$attr: int drag_handle_id
com.xuesi.sms.R$attr: int drag_scroll_start
com.xuesi.sms.R$attr: int drag_start_mode
com.xuesi.sms.R$attr: int drop_animation_duration
com.xuesi.sms.R$attr: int fling_handle_id
com.xuesi.sms.R$attr: int float_alpha
com.xuesi.sms.R$attr: int float_background_color
com.xuesi.sms.R$attr: int max_drag_scroll_speed
com.xuesi.sms.R$attr: int ptrAdapterViewBackground
com.xuesi.sms.R$attr: int ptrAnimationStyle
com.xuesi.sms.R$attr: int ptrDrawable
com.xuesi.sms.R$attr: int ptrDrawableBottom
com.xuesi.sms.R$attr: int ptrDrawableEnd
com.xuesi.sms.R$attr: int ptrDrawableStart
com.xuesi.sms.R$attr: int ptrDrawableTop
com.xuesi.sms.R$attr: int ptrHeaderBackground
com.xuesi.sms.R$attr: int ptrHeaderSubTextColor
com.xuesi.sms.R$attr: int ptrHeaderTextAppearance
com.xuesi.sms.R$attr: int ptrHeaderTextColor
com.xuesi.sms.R$attr: int ptrListViewExtrasEnabled
com.xuesi.sms.R$attr: int ptrMode
com.xuesi.sms.R$attr: int ptrOverScroll
com.xuesi.sms.R$attr: int ptrRefreshableViewBackground
com.xuesi.sms.R$attr: int ptrRotateDrawableWhilePulling
com.xuesi.sms.R$attr: int ptrScrollingWhileRefreshingEnabled
com.xuesi.sms.R$attr: int ptrShowIndicator
com.xuesi.sms.R$attr: int ptrSubHeaderTextAppearance
com.xuesi.sms.R$attr: int remove_animation_duration
com.xuesi.sms.R$attr: int remove_enabled
com.xuesi.sms.R$attr: int remove_mode
com.xuesi.sms.R$color: int aliceblue
com.xuesi.sms.R$color: int antiquewhite
com.xuesi.sms.R$color: int aqua
com.xuesi.sms.R$color: int aquamarine
com.xuesi.sms.R$color: int azure
com.xuesi.sms.R$color: int beige
com.xuesi.sms.R$color: int bisque
com.xuesi.sms.R$color: int black
com.xuesi.sms.R$color: int blanchedalmond
com.xuesi.sms.R$color: int blue
com.xuesi.sms.R$color: int blueviolet
com.xuesi.sms.R$color: int brown
com.xuesi.sms.R$color: int burlywood
com.xuesi.sms.R$color: int cadetblue
com.xuesi.sms.R$color: int chartreuse
com.xuesi.sms.R$color: int chocolate
com.xuesi.sms.R$color: int coral
com.xuesi.sms.R$color: int cornflowerblue
com.xuesi.sms.R$color: int cornsilk
com.xuesi.sms.R$color: int crimson
com.xuesi.sms.R$color: int cyan
com.xuesi.sms.R$color: int darkblue
com.xuesi.sms.R$color: int darkcyan
com.xuesi.sms.R$color: int darkgoldenrod
com.xuesi.sms.R$color: int darkgray
com.xuesi.sms.R$color: int darkgreen
com.xuesi.sms.R$color: int darkgrey
com.xuesi.sms.R$color: int darkkhaki
com.xuesi.sms.R$color: int darkmagenta
com.xuesi.sms.R$color: int darkolivegreen
com.xuesi.sms.R$color: int darkorange
com.xuesi.sms.R$color: int darkorchid
com.xuesi.sms.R$color: int darkred
com.xuesi.sms.R$color: int darksalmon
com.xuesi.sms.R$color: int darkseagreen
com.xuesi.sms.R$color: int darkslateblue
com.xuesi.sms.R$color: int darkslategray
com.xuesi.sms.R$color: int darkslategrey
com.xuesi.sms.R$color: int darkturquoise
com.xuesi.sms.R$color: int darkviolet
...
com.xuesi.mos.net.volley.MosVolleyUtil$1
com.xuesi.mos.net.volley.MosVolleyUtil$1: com.xuesi.mos.net.volley.MosVolleyUtil this$0
com.xuesi.mos.net.volley.MosVolleyUtil$1: com.xuesi.mos.net.volley.MosVolleyUtil$RequestResultCallback val$mRrc
com.xuesi.mos.net.volley.MosVolleyUtil$1: java.lang.String val$mRequestTag
com.xuesi.mos.net.volley.MosVolleyUtil$1: MosVolleyUtil$1(com.xuesi.mos.net.volley.MosVolleyUtil,com.xuesi.mos.net.volley.MosVolleyUtil$RequestResultCallback,java.lang.String)
com.xuesi.mos.net.volley.MosVolleyUtil$1: void onResponse(org.json.JSONObject)
com.xuesi.mos.net.volley.MosVolleyUtil$1: void onResponse(java.lang.Object)
com.xuesi.mos.net.volley.MosVolleyUtil$2
com.xuesi.mos.net.volley.MosVolleyUtil$2: com.xuesi.mos.net.volley.MosVolleyUtil this$0
com.xuesi.mos.net.volley.MosVolleyUtil$2: com.xuesi.mos.net.volley.MosVolleyUtil$RequestResultCallback val$mRrc
com.xuesi.mos.net.volley.MosVolleyUtil$2: java.lang.String val$mRequestTag
com.xuesi.mos.net.volley.MosVolleyUtil$2: MosVolleyUtil$2(com.xuesi.mos.net.volley.MosVolleyUtil,com.xuesi.mos.net.volley.MosVolleyUtil$RequestResultCallback,java.lang.String)
com.xuesi.mos.net.volley.MosVolleyUtil$2: void onErrorResponse(com.xuesi.mos.libs.volley.VolleyError)
com.xuesi.mos.net.volley.MosVolleyUtil$3
com.xuesi.mos.net.volley.MosVolleyUtil$3: com.xuesi.mos.net.volley.MosVolleyUtil this$0
com.xuesi.mos.net.volley.MosVolleyUtil$3: java.util.Map val$mHeaders
com.xuesi.mos.net.volley.MosVolleyUtil$3: MosVolleyUtil$3(com.xuesi.mos.net.volley.MosVolleyUtil,int,java.lang.String,org.json.JSONObject,com.xuesi.mos.libs.volley.Response$Listener,com.xuesi.mos.libs.volley.Response$ErrorListener,java.util.Map)
com.xuesi.mos.net.volley.MosVolleyUtil$3: java.util.Map getHeaders()
com.xuesi.mos.net.volley.MosVolleyUtil$3: com.xuesi.mos.libs.volley.Response parseNetworkResponse(com.xuesi.mos.libs.volley.NetworkResponse)
com.xuesi.mos.net.volley.MosVolleyUtil$4
com.xuesi.mos.net.volley.MosVolleyUtil$4: com.xuesi.mos.net.volley.MosVolleyUtil this$0
com.xuesi.mos.net.volley.MosVolleyUtil$4: com.xuesi.mos.net.volley.MosVolleyUtil$RequestResultCallback val$mRrc
com.xuesi.mos.net.volley.MosVolleyUtil$4: java.lang.String val$mRequestTag
com.xuesi.mos.net.volley.MosVolleyUtil$4: MosVolleyUtil$4(com.xuesi.mos.net.volley.MosVolleyUtil,com.xuesi.mos.net.volley.MosVolleyUtil$RequestResultCallback,java.lang.String)
com.xuesi.mos.net.volley.MosVolleyUtil$4: void onResponse(org.json.JSONObject)
com.xuesi.mos.net.volley.MosVolleyUtil$4: void onResponse(java.lang.Object)
com.xuesi.mos.net.volley.MosVolleyUtil$5
com.xuesi.mos.net.volley.MosVolleyUtil$5: com.xuesi.mos.net.volley.MosVolleyUtil this$0
com.xuesi.mos.net.volley.MosVolleyUtil$5: com.xuesi.mos.net.volley.MosVolleyUtil$RequestResultCallback val$mRrc
com.xuesi.mos.net.volley.MosVolleyUtil$5: java.lang.String val$mRequestTag
com.xuesi.mos.net.volley.MosVolleyUtil$5: MosVolleyUtil$5(com.xuesi.mos.net.volley.MosVolleyUtil,com.xuesi.mos.net.volley.MosVolleyUtil$RequestResultCallback,java.lang.String)
com.xuesi.mos.net.volley.MosVolleyUtil$5: void onErrorResponse(com.xuesi.mos.libs.volley.VolleyError)
com.xuesi.mos.net.volley.MosVolleyUtil$6
com.xuesi.mos.net.volley.MosVolleyUtil$6: com.xuesi.mos.net.volley.MosVolleyUtil this$0
com.xuesi.mos.net.volley.MosVolleyUtil$6: java.util.Map val$mHeaders
com.xuesi.mos.net.volley.MosVolleyUtil$6: MosVolleyUtil$6(com.xuesi.mos.net.volley.MosVolleyUtil,int,java.lang.String,org.json.JSONObject,com.xuesi.mos.libs.volley.Response$Listener,com.xuesi.mos.libs.volley.Response$ErrorListener,java.util.Map)
com.xuesi.mos.net.volley.MosVolleyUtil$6: java.util.Map getHeaders()
com.xuesi.mos.net.volley.MosVolleyUtil$6: com.xuesi.mos.libs.volley.Response parseNetworkResponse(com.xuesi.mos.libs.volley.NetworkResponse)