XSuperSMS_MySQL/proguard/mapping.txt
com.xuesi.sms.ServerApi -> com.xuesi.sms.a:
    com.xuesi.sms.ServerApi instance -> ah
    java.lang.String passport -> a
    java.lang.String millCode -> b
    java.lang.String factoryCode -> c
    java.lang.String account -> d
    java.lang.String comp -> e
    java.lang.String date -> f
    java.lang.String mPortalPort -> g
    int mTimeout -> h
    java.lang.String imageUri -> i
    java.lang.String USER_LOGIN -> j
    java.lang.String USER_CHANGE_PSD -> k
    java.lang.String API_WB_DATA_TOTAL -> l
    java.lang.String API_SHEET_INFO -> m
    java.lang.String API_SHEET_RCK_INFO -> n
    java.lang.String SEGMENTCONFIG_GETFILEDS -> o
    java.lang.String ORDER_GETBILLNOS -> p
    java.lang.String ORDER_GETORDERLIST -> q
    java.lang.String ORDER_UPDATEBARCODE -> r
    java.lang.String SHEET_INSTACK -> s
    java.lang.String SHEET_MOVESTACK -> t
    java.lang.String SHEET_GETISLOCK -> u
    java.lang.String SHEET_GETHOUSEID -> v
    java.lang.String SHEET_GETSHEETLIST -> w
    java.lang.String API_ADDREMNANTSTACK -> x
    java.lang.String API_GETGRANTID -> y
    java.lang.String API_GETGRANT_DETAILINFO -> z
    java.lang.String API_FINISHSEND -> A
    java.lang.String API_GETSHEETIN_STACKINFO -> B
    java.lang.String API_ADDSHEETDETAILPD -> C
    java.lang.String API_GET_STACKINFO -> D
    java.lang.String API_GET_STACKSETMSG -> E
    java.lang.String common_initialize -> F
    java.lang.String API_INSERTEXPERIENCE -> G
    java.lang.String API_GETSYSDATE -> H
com.xuesi.sms.SmsApplication -> com.xuesi.sms.SmsApplication:
    java.lang.String LOG_TAG -> b
    com.xuesi.mos.util.MosLog mLog -> c
    com.xuesi.sms.SmsApplication instance -> d
    android.content.Context appContext -> a
    25:28:com.xuesi.sms.SmsApplication getInstance() -> a
    35:59:void onCreate() -> onCreate
com.xuesi.sms.SmsConfig -> com.xuesi.sms.b:
    boolean isDebug -> a
    boolean isTest -> b
    boolean connFlag -> c
    boolean isCraneCheck -> d
    int dotNum -> e
com.xuesi.sms.app.SmsNotification -> com.xuesi.sms.app.SmsNotification:
com.xuesi.sms.app.activity.AdWebActivity -> com.xuesi.sms.app.activity.AdWebActivity:
    android.widget.ImageView ivBack -> ivBack
    23:26:void onCreate(android.os.Bundle) -> onCreate
    31:78:void initContentView() -> initContentView
    83:84:void onDestroy() -> onDestroy
com.xuesi.sms.app.activity.AdWebActivity$1 -> com.xuesi.sms.app.activity.AdWebActivity$1:
    com.xuesi.sms.app.activity.AdWebActivity this$0 -> this$0
    37:38:void onClick(android.view.View) -> onClick
com.xuesi.sms.app.activity.AdWebActivity$2 -> com.xuesi.sms.app.activity.AdWebActivity$2:
    com.xuesi.sms.app.activity.AdWebActivity this$0 -> this$0
    57:58:boolean shouldOverrideUrlLoading(android.webkit.WebView,java.lang.String) -> shouldOverrideUrlLoading
    63:64:void onPageFinished(android.webkit.WebView,java.lang.String) -> onPageFinished
    68:69:void onPageStarted(android.webkit.WebView,java.lang.String,android.graphics.Bitmap) -> onPageStarted
    73:74:void onLoadResource(android.webkit.WebView,java.lang.String) -> onLoadResource
...
com.xuesi.mos.libs.pulltorefresh.internal.ViewCompat$SDK16 -> com.xuesi.mos.libs.pulltorefresh.internal.ViewCompat$SDK16:
    61:62:void postOnAnimation(android.view.View,java.lang.Runnable) -> postOnAnimation
    65:66:void setBackground(android.view.View,android.graphics.drawable.Drawable) -> setBackground
com.xuesi.mos.libs.pulltorefresh.package-info -> com.xuesi.mos.libs.pulltorefresh.package-info:
com.xuesi.mos.libs.slidedraglistview.DragListView -> com.xuesi.mos.libs.slidedraglistview.DragListView:
    boolean mUp -> mUp
    int mCurrentPosition -> mCurrentPosition
    int mBeforeCurrentPosition -> mBeforeCurrentPosition
    int mBeforeBeforePosition -> mBeforeBeforePosition
    android.widget.BaseAdapter mSDAdapter -> mSDAdapter
    java.util.List mDataList -> mDataList
    com.xuesi.mos.libs.slidedraglistview.DragListView$OnDragListener mOnDragListener -> mOnDragListener
    52:130:boolean onDrag(android.view.View,android.view.DragEvent) -> onDrag
    139:148:void setItemVisible(com.xuesi.mos.libs.slidedraglistview.ItemMainLayout) -> setItemVisible
    157:168:void moveListViewUpOrDown(int) -> moveListViewUpOrDown
    171:172:void setRawAdapter(android.widget.ListAdapter) -> setRawAdapter
    176:189:void setDragPosition(int) -> setDragPosition
    194:194:void setOnDragListener(android.view.View$OnDragListener) -> setOnDragListener
    203:205:void setOnDragListener(com.xuesi.mos.libs.slidedraglistview.DragListView$OnDragListener,java.util.List) -> setOnDragListener
    213:214:void updateDataList(java.util.List) -> updateDataList
com.xuesi.mos.libs.slidedraglistview.DragListView$OnDragListener -> com.xuesi.mos.libs.slidedraglistview.DragListView$OnDragListener:
    void onDragViewStart(int) -> onDragViewStart
    void onDragViewMoving(int) -> onDragViewMoving
    void onDragViewDown(int) -> onDragViewDown
com.xuesi.mos.libs.slidedraglistview.ItemBackGroundLayout -> com.xuesi.mos.libs.slidedraglistview.ItemBackGroundLayout:
    android.widget.ImageView mBGImage -> mBGImage
    int mMarginLeft -> mMarginLeft
    int mMarginRight -> mMarginRight
    java.util.List mBtnViews -> mBtnViews
    45:69:android.view.View addMenuItem(com.xuesi.mos.libs.slidedraglistview.MenuItem) -> addMenuItem
    75:86:void onMeasure(int,int) -> onMeasure
    90:108:void onLayout(boolean,int,int,int,int) -> onLayout
    111:111:android.widget.ImageView getBackGroundImage() -> getBackGroundImage
    115:115:java.util.List getBtnViews() -> getBtnViews
com.xuesi.mos.libs.slidedraglistview.ItemCustomLayout -> com.xuesi.mos.libs.slidedraglistview.ItemCustomLayout:
    android.widget.ImageView mBGImage -> mBGImage
    34:36:void addCustomView(android.view.View) -> addCustomView
    39:39:android.view.View getCustomView() -> getCustomView
    43:43:android.view.View getRealView() -> getRealView
    47:47:android.widget.ImageView getBackGroundImage() -> getBackGroundImage