XSuperSMS_MySQL/proguard/usage.txt
com.xuesi.sms.BuildConfig
com.xuesi.sms.R
com.xuesi.sms.R$anim
com.xuesi.sms.R$array
com.xuesi.sms.R$attr
com.xuesi.sms.R$color
com.xuesi.sms.R$dimen
com.xuesi.sms.R$drawable
com.xuesi.sms.R$id
com.xuesi.sms.R$layout
com.xuesi.sms.R$raw
com.xuesi.sms.R$string
com.xuesi.sms.R$style
com.xuesi.sms.R$styleable
com.xuesi.sms.ServerApi:
    public static final java.lang.String COOKIE_PASSPORT
    public static final java.lang.String COOKIE_MILLCODE
    public static final java.lang.String PARA_FACTORYCODE
    private static final java.lang.String mPortalProtocol
    public static final java.lang.String mPortalAddress
    private static final java.lang.String mDirectory
    private static final java.lang.String mDirectoryUp
    public static final java.lang.String advertUri
    public static final java.lang.String HelpUri
    public static final java.lang.String CONFIGURE_FIELDS
    public static final java.lang.String REGISTER_URL
    public static final java.lang.String CONFIGURE_SHEET
    public static final java.lang.String CONFIGURE_BILLS
    public static final java.lang.String LANG
    public static final int OK
    public static final int EXIsTS
    public static final int NOT_EXISTS
    public static final int API_ERROR
    public static final int API_NOTSUPPORTED
    public static final int API_NOTDEFINED
    public static final int WRONG_JSON_FORMAT
    public static final int INVALID_VERSION
    public static final int USER_NOTAUTHENTICATED
    public static final int USER_NOTRIGHT
    public static final int WRONG_SIGNATURE
    public static final int ACCESSSYSTEM_NORIGHT
    public static final int WRONG_PARAMETER
    public static final int CONNECT_404
com.xuesi.sms.SmsApplication:
    1:1:public static bridge synthetic com.xuesi.mos.app.MosApplication getInstance()
com.xuesi.sms.SmsConfig:
    private static com.xuesi.sms.SmsConfig instance
    public static final int pageSize
    public static final int pageSize_s
    public static final java.lang.String TAG_KT45
    public static final java.lang.String TAG_TT35
    public static final java.lang.String TAG_UROVO
    public static final java.lang.String TAG_550
    public static final java.lang.String TAG_HONEYWELL
    3:3:public SmsConfig()
    10:13:public static com.xuesi.sms.SmsConfig getInstance()
com.xuesi.sms.database.DBManager
com.xuesi.sms.database.DBOpenHelper
com.xuesi.sms.util.BarcodeBindMysqlite
com.xuesi.sms.util.CalendarUtil:
    16:16:public CalendarUtil()
    30:31:public static java.lang.String getChineseDate()
    61:69:public static java.lang.String getChineseDate2(java.lang.String)
    79:79:public static java.lang.String getServerData()
    115:119:public static java.lang.String getTodayDate2()
com.xuesi.sms.util.DataCleanManager:
    13:13:public DataCleanManager()
    50:51:public static void cleanDatabaseByName(android.content.Context,java.lang.String)
    124:147:public static void deleteFolderFile(java.lang.String,boolean)
com.xuesi.sms.util.DimensTools
com.xuesi.sms.util.FileUtil:
    9:9:public FileUtil()
    84:98:public static long getFolderSize(java.io.File)
    102:102:public static java.lang.String getCacheSize(java.io.File)
com.xuesi.sms.util.SPHelper:
    public static final java.lang.String KEY_IS_REMPSD
    public static final java.lang.String KEY_ACCOUNT
    public static final java.lang.String KEY_PASSWORD
    public static final java.lang.String KEY_IP
    public static final java.lang.String KEY_PORT
    62:65:public boolean saveValueToSp(java.lang.String,int)
    86:87:public int getIntFromSp(java.lang.String)
    101:103:public void removeValueFromSp(java.lang.String)
...
com.google.zxing.common.reedsolomon.ReedSolomonEncoder
com.google.zxing.datamatrix.DataMatrixReader:
    public com.google.zxing.Result decode(com.google.zxing.BinaryBitmap)
com.google.zxing.datamatrix.decoder.DecodedBitStreamParser:
    private static final int PAD_ENCODE
    private static final int ASCII_ENCODE
    private static final int C40_ENCODE
    private static final int TEXT_ENCODE
    private static final int ANSIX12_ENCODE
    private static final int EDIFACT_ENCODE
    private static final int BASE256_ENCODE
    private DecodedBitStreamParser()
com.google.zxing.datamatrix.decoder.Decoder:
    public com.google.zxing.common.DecoderResult decode(boolean[][])
com.google.zxing.multi.ByQuadrantReader
com.google.zxing.multi.GenericMultipleBarcodeReader
com.google.zxing.multi.MultipleBarcodeReader
com.google.zxing.multi.qrcode.QRCodeMultiReader
com.google.zxing.multi.qrcode.detector.MultiDetector
com.google.zxing.multi.qrcode.detector.MultiFinderPatternFinder
com.google.zxing.multi.qrcode.detector.MultiFinderPatternFinder$1
com.google.zxing.multi.qrcode.detector.MultiFinderPatternFinder$ModuleSizeComparator
com.google.zxing.oned.CodaBarReader:
    private static final java.lang.String ALPHABET_STRING
    private static final int minCharacterLength
com.google.zxing.oned.Code128Reader:
    private static final int MAX_AVG_VARIANCE
    private static final int MAX_INDIVIDUAL_VARIANCE
    private static final int CODE_SHIFT
    private static final int CODE_CODE_C
    private static final int CODE_CODE_B
    private static final int CODE_CODE_A
    private static final int CODE_FNC_1
    private static final int CODE_FNC_2
    private static final int CODE_FNC_3
    private static final int CODE_FNC_4_A
    private static final int CODE_FNC_4_B
    private static final int CODE_START_A
    private static final int CODE_START_B
    private static final int CODE_START_C
    private static final int CODE_STOP
com.google.zxing.oned.Code128Writer
com.google.zxing.oned.Code39Reader:
    static final java.lang.String ALPHABET_STRING
    public Code39Reader(boolean,boolean)
com.google.zxing.oned.Code39Writer
com.google.zxing.oned.Code93Reader:
    private static final java.lang.String ALPHABET_STRING
com.google.zxing.oned.EAN13Writer
com.google.zxing.oned.EAN8Writer
com.google.zxing.oned.ITFReader:
    private static final int MAX_AVG_VARIANCE
    private static final int MAX_INDIVIDUAL_VARIANCE
    private static final int W
    private static final int N
com.google.zxing.oned.ITFWriter
com.google.zxing.oned.OneDReader:
    protected static final int INTEGER_MATH_SHIFT
    protected static final int PATTERN_MATCH_RESULT_SCALE_FACTOR
    public com.google.zxing.Result decode(com.google.zxing.BinaryBitmap)
com.google.zxing.oned.UPCAReader:
    public com.google.zxing.Result decode(com.google.zxing.BinaryBitmap)
com.google.zxing.oned.UPCEANReader:
    private static final int MAX_AVG_VARIANCE
    private static final int MAX_INDIVIDUAL_VARIANCE
com.google.zxing.oned.UPCEANWriter
com.google.zxing.oned.rss.AbstractRSSReader:
    private static final int MAX_AVG_VARIANCE
    private static final int MAX_INDIVIDUAL_VARIANCE
    private static final float MIN_FINDER_PATTERN_RATIO
    private static final float MAX_FINDER_PATTERN_RATIO
com.google.zxing.oned.rss.RSSUtils:
    private RSSUtils()
    static int[] getRSSwidths(int,int,int,int,boolean)
    static int[] elements(int[],int,int)
com.google.zxing.oned.rss.expanded.BitArrayBuilder:
    private BitArrayBuilder()
com.google.zxing.oned.rss.expanded.RSSExpandedReader:
    private static final int FINDER_PAT_A
    private static final int FINDER_PAT_B
    private static final int FINDER_PAT_C
    private static final int FINDER_PAT_D
    private static final int FINDER_PAT_E
    private static final int FINDER_PAT_F
    private static final int MAX_PAIRS